<?xml version="1.0" encoding="UTF-8"?>
<testsuite name="com.qait.samlms.test.smoke.Test1aAdminEula" time="17.955" tests="3" errors="0" skipped="0" failures="0">
  <properties>
    <property name="java.runtime.name" value="Java(TM) SE Runtime Environment"/>
    <property name="sun.boot.library.path" value="C:\Program Files\Java\jdk1.6.0_39\jre\bin"/>
    <property name="java.vm.version" value="20.14-b01"/>
    <property name="java.vm.vendor" value="Sun Microsystems Inc."/>
    <property name="java.vendor.url" value="http://java.sun.com/"/>
    <property name="path.separator" value=";"/>
    <property name="guice.disable.misplaced.annotation.check" value="true"/>
    <property name="java.vm.name" value="Java HotSpot(TM) Client VM"/>
    <property name="file.encoding.pkg" value="sun.io"/>
    <property name="user.country" value="IN"/>
    <property name="sun.java.launcher" value="SUN_STANDARD"/>
    <property name="sun.os.patch.level" value="Service Pack 1"/>
    <property name="test" value="com.qait.samlms.test.smoke.Test1aAdminEula"/>
    <property name="java.vm.specification.name" value="Java Virtual Machine Specification"/>
    <property name="user.dir" value="C:\Users\avnishrawat\Desktop\samUicheckout14april"/>
    <property name="java.runtime.version" value="1.6.0_39-b04"/>
    <property name="java.awt.graphicsenv" value="sun.awt.Win32GraphicsEnvironment"/>
    <property name="java.endorsed.dirs" value="C:\Program Files\Java\jdk1.6.0_39\jre\lib\endorsed"/>
    <property name="os.arch" value="x86"/>
    <property name="java.io.tmpdir" value="C:\Users\AVNISH~1\AppData\Local\Temp\"/>
    <property name="line.separator" value="&#10;"/>
    <property name="java.vm.specification.vendor" value="Sun Microsystems Inc."/>
    <property name="user.variant" value=""/>
    <property name="os.name" value="Windows 7"/>
    <property name="classworlds.conf" value="C:\Users\avnishrawat\Pictures\apache-maven-3.2.1\bin\..\bin\m2.conf"/>
    <property name="sun.jnu.encoding" value="Cp1252"/>
    <property name="java.library.path" value="C:\Program Files\Java\jdk1.6.0_39\bin;C:\Windows\Sun\Java\bin;C:\Windows\system32;C:\Windows;C:/Program Files/Java/jre6/bin/client;C:/Program Files/Java/jre6/bin;C:/Program Files/Java/jre6/lib/i386;C:\Windows\system32;C:\Windows;C:\Windows\System32\Wbem;C:\Windows\System32\WindowsPowerShell\v1.0\;C:\Program Files\TortoiseSVN\bin;C:\Program Files\Sikuli X\;C:\Program Files\Java\jdk1.6.0_39;C:\Program Files\Java\jdk1.6.0_39\bin;C:\Program Files\Java\jdk1.6.0_39\bin;C:\Program Files\Java\jre6\bin;C:\Program Files\Sikuli X\libs;;C:\Program Files\apache-maven-3.0.4\bin;c:\Program Files\Microsoft SQL Server\100\Tools\Binn\;c:\Program Files\Microsoft SQL Server\100\DTS\Binn\;C:\Ruby200\bin;C:\Ruby200\lib\ruby\gems\2.0.0;C:\Users\avnishrawat\Pictures\apache-maven-3.2.1\bin;C:\Ruby200\bin;C:\Users\avnishrawat\Desktop\eclipse-jee-juno-SR2-win32\eclipse;;."/>
    <property name="java.specification.name" value="Java Platform API Specification"/>
    <property name="java.class.version" value="50.0"/>
    <property name="sun.management.compiler" value="HotSpot Client Compiler"/>
    <property name="os.version" value="6.1"/>
    <property name="user.home" value="C:\Users\avnishrawat"/>
    <property name="user.timezone" value="Asia/Calcutta"/>
    <property name="java.awt.printerjob" value="sun.awt.windows.WPrinterJob"/>
    <property name="java.specification.version" value="1.6"/>
    <property name="file.encoding" value="Cp1252"/>
    <property name="user.name" value="avnishrawat"/>
    <property name="java.class.path" value="C:\Users\avnishrawat\Pictures\apache-maven-3.2.1\bin\..\boot\plexus-classworlds-2.5.1.jar"/>
    <property name="org.slf4j.simpleLogger.defaultLogLevel" value="info"/>
    <property name="java.vm.specification.version" value="1.0"/>
    <property name="sun.arch.data.model" value="32"/>
    <property name="java.home" value="C:\Program Files\Java\jdk1.6.0_39\jre"/>
    <property name="sun.java.command" value="org.codehaus.plexus.classworlds.launcher.Launcher -Dtest=com.qait.samlms.test.smoke.Test1aAdminEula test"/>
    <property name="java.specification.vendor" value="Sun Microsystems Inc."/>
    <property name="user.language" value="en"/>
    <property name="awt.toolkit" value="sun.awt.windows.WToolkit"/>
    <property name="java.vm.info" value="mixed mode, sharing"/>
    <property name="java.version" value="1.6.0_39"/>
    <property name="java.ext.dirs" value="C:\Program Files\Java\jdk1.6.0_39\jre\lib\ext;C:\Windows\Sun\Java\lib\ext"/>
    <property name="sun.boot.class.path" value="C:\Program Files\Java\jdk1.6.0_39\jre\lib\resources.jar;C:\Program Files\Java\jdk1.6.0_39\jre\lib\rt.jar;C:\Program Files\Java\jdk1.6.0_39\jre\lib\sunrsasign.jar;C:\Program Files\Java\jdk1.6.0_39\jre\lib\jsse.jar;C:\Program Files\Java\jdk1.6.0_39\jre\lib\jce.jar;C:\Program Files\Java\jdk1.6.0_39\jre\lib\charsets.jar;C:\Program Files\Java\jdk1.6.0_39\jre\lib\modules\jdk.boot.jar;C:\Program Files\Java\jdk1.6.0_39\jre\classes"/>
    <property name="java.vendor" value="Sun Microsystems Inc."/>
    <property name="maven.home" value="C:\Users\avnishrawat\Pictures\apache-maven-3.2.1\bin\.."/>
    <property name="file.separator" value="\"/>
    <property name="java.vendor.url.bug" value="http://java.sun.com/cgi-bin/bugreport.cgi"/>
    <property name="sun.cpu.endian" value="little"/>
    <property name="sun.io.unicode.encoding" value="UnicodeLittle"/>
    <property name="sun.desktop" value="windows"/>
    <property name="sun.cpu.isalist" value="pentium_pro+mmx pentium_pro pentium+mmx pentium i486 i386 i86"/>
  </properties>
  <testcase name="loginInApplication" classname="com.qait.samlms.test.smoke.Test1aAdminEula" time="5.412"/>
  <testcase name="acceptEula" classname="com.qait.samlms.test.smoke.Test1aAdminEula" time="3.376"/>
  <testcase name="adminFillDetails" classname="com.qait.samlms.test.smoke.Test1aAdminEula" time="9.167"/>
</testsuite>