<?xml version="1.0" encoding="UTF-8"?>
<!-- Generated by org.testng.reporters.JUnitReportReporter -->
<testsuite hostname="HPDB0088" name="com.qait.samlms.test.smoke.Test7hVerifyStudentCanNotEditUsername" tests="2" failures="0" timestamp="11 Apr 2014 11:21:13 GMT" time="7.282" errors="0">
  <testcase name="loginInApplication" time="5.076" classname="com.qait.samlms.test.smoke.Test7hVerifyStudentCanNotEditUsername"/>
  <testcase name="verifyMiddleInnitialAndUserNameIsNotEditableInMyAccountLink" time="2.206" classname="com.qait.samlms.test.smoke.Test7hVerifyStudentCanNotEditUsername"/>
</testsuite> <!-- com.qait.samlms.test.smoke.Test7hVerifyStudentCanNotEditUsername -->
