<?xml version="1.0" encoding="UTF-8"?>
<!-- Generated by org.testng.reporters.JUnitReportReporter -->
<testsuite hostname="HPDB0088" name="com.qait.samlms.test.smoke.Test7iVerifySectionStatusWhenStudentHasJoinedTheSection" tests="2" failures="0" timestamp="11 Apr 2014 12:01:25 GMT" time="9.969" errors="0">
  <testcase name="verifySectionStatusInSectionsTab" time="1.286" classname="com.qait.samlms.test.smoke.Test7iVerifySectionStatusWhenStudentHasJoinedTheSection"/>
  <testcase name="loginInApplication" time="8.683" classname="com.qait.samlms.test.smoke.Test7iVerifySectionStatusWhenStudentHasJoinedTheSection"/>
</testsuite> <!-- com.qait.samlms.test.smoke.Test7iVerifySectionStatusWhenStudentHasJoinedTheSection -->
