<?xml version="1.0" encoding="UTF-8"?>
<!-- Generated by org.testng.reporters.JUnitReportReporter -->
<testsuite hostname="HPDB0088" name="com.qait.samlms.util.LaunchTestsHere" tests="1" failures="0" timestamp="17 Apr 2014 10:58:54 GMT" time="1714.933" errors="0">
  <testcase name="startTestHere" time="1714.933" classname="com.qait.samlms.util.LaunchTestsHere"/>
</testsuite> <!-- com.qait.samlms.util.LaunchTestsHere -->
