<?xml version="1.0" encoding="UTF-8"?>
<!-- Generated by org.testng.reporters.JUnitReportReporter -->
<testsuite hostname="HPDB0088" name="com.qait.samlms.test.smoke.Test2bCreateAndEnrollStudentUser" tests="3" failures="0" timestamp="16 Apr 2014 11:16:05 GMT" time="21.847" errors="0">
  <testcase name="loginInApplication" time="9.668" classname="com.qait.samlms.test.smoke.Test2bCreateAndEnrollStudentUser"/>
  <testcase name="createAndEnrollUser" time="11.064" classname="com.qait.samlms.test.smoke.Test2bCreateAndEnrollStudentUser"/>
  <testcase name="verifyStudentUser" time="1.115" classname="com.qait.samlms.test.smoke.Test2bCreateAndEnrollStudentUser"/>
</testsuite> <!-- com.qait.samlms.test.smoke.Test2bCreateAndEnrollStudentUser -->
