<?xml version="1.0" encoding="UTF-8"?>
<!-- Generated by org.testng.reporters.JUnitReportReporter -->
<testsuite hostname="HPDB0088" name="com.qait.samlms.test.smoke.Test7fStudentUploadFileToDropbox" tests="5" failures="0" timestamp="11 Apr 2014 06:55:02 GMT" time="74.628" errors="0">
  <testcase name="loginInApplication" time="6.964" classname="com.qait.samlms.test.smoke.Test7fStudentUploadFileToDropbox"/>
  <testcase name="anotherUnsupportedFileUploadToDropBox" time="0.513" classname="com.qait.samlms.test.smoke.Test7fStudentUploadFileToDropbox"/>
  <testcase name="firstFileUploadToDropBox" time="1.718" classname="com.qait.samlms.test.smoke.Test7fStudentUploadFileToDropbox"/>
  <testcase name="userGoToDropBoxPageAndSelectSection" time="64.863" classname="com.qait.samlms.test.smoke.Test7fStudentUploadFileToDropbox"/>
  <testcase name="samefileUploadToDropBoxAndVerifyMessage" time="0.570" classname="com.qait.samlms.test.smoke.Test7fStudentUploadFileToDropbox"/>
</testsuite> <!-- com.qait.samlms.test.smoke.Test7fStudentUploadFileToDropbox -->
