<?xml version="1.0" encoding="UTF-8"?>
<!-- Generated by org.testng.reporters.JUnitReportReporter -->
<testsuite hostname="HPDB0088" name="com.qait.samlms.test.smoke.Test7dLaunchReadingFromStudentSide" tests="3" failures="0" timestamp="9 Apr 2014 06:49:12 GMT" time="250.638" errors="0">
  <testcase name="LaunchReadingActivity" time="180.869" classname="com.qait.samlms.test.smoke.Test7dLaunchReadingFromStudentSide"/>
  <testcase name="SelectReadingActivity" time="64.545" classname="com.qait.samlms.test.smoke.Test7dLaunchReadingFromStudentSide"/>
  <testcase name="loginInApplication" time="5.224" classname="com.qait.samlms.test.smoke.Test7dLaunchReadingFromStudentSide"/>
</testsuite> <!-- com.qait.samlms.test.smoke.Test7dLaunchReadingFromStudentSide -->
