<?xml version="1.0" encoding="UTF-8"?>
<!-- Generated by org.testng.reporters.JUnitReportReporter -->
<testsuite hostname="HPDB0088" name="com.qait.samlms.test.smoke.Test0SuperCreatesAdminUser" tests="3" failures="0" timestamp="15 Apr 2014 06:09:05 GMT" time="80.482" errors="0">
  <testcase name="verifyAdminUser" time="1.010" classname="com.qait.samlms.test.smoke.Test0SuperCreatesAdminUser"/>
  <testcase name="createAndEnrollUser" time="69.696" classname="com.qait.samlms.test.smoke.Test0SuperCreatesAdminUser"/>
  <testcase name="loginInApplication" time="9.776" classname="com.qait.samlms.test.smoke.Test0SuperCreatesAdminUser"/>
</testsuite> <!-- com.qait.samlms.test.smoke.Test0SuperCreatesAdminUser -->
