<?xml version="1.0" encoding="UTF-8"?>
<!-- Generated by org.testng.reporters.JUnitReportReporter -->
<testsuite hostname="HPDB0088" name="com.qait.samlms.test.smoke.Test7gStudentOpensHelpFile" tests="2" failures="0" timestamp="11 Apr 2014 09:06:18 GMT" time="9.334" errors="0">
  <testcase name="studentVerifyHelpLinkAndText" time="4.238" classname="com.qait.samlms.test.smoke.Test7gStudentOpensHelpFile"/>
  <testcase name="loginInApplication" time="5.096" classname="com.qait.samlms.test.smoke.Test7gStudentOpensHelpFile"/>
</testsuite> <!-- com.qait.samlms.test.smoke.Test7gStudentOpensHelpFile -->
