<?xml version="1.0" encoding="UTF-8"?>
<!-- Generated by org.testng.reporters.JUnitReportReporter -->
<testsuite hostname="HPDB0088" name="com.qait.samlms.test.smoke.Test1aAdminEula" tests="3" failures="0" timestamp="15 Apr 2014 06:17:47 GMT" time="17.985" errors="0">
  <testcase name="acceptEula" time="3.373" classname="com.qait.samlms.test.smoke.Test1aAdminEula"/>
  <testcase name="adminFillDetails" time="9.169" classname="com.qait.samlms.test.smoke.Test1aAdminEula"/>
  <testcase name="loginInApplication" time="5.443" classname="com.qait.samlms.test.smoke.Test1aAdminEula"/>
</testsuite> <!-- com.qait.samlms.test.smoke.Test1aAdminEula -->
