<?xml version="1.0" encoding="UTF-8"?>
<!-- Generated by org.testng.reporters.JUnitReportReporter -->
<testsuite hostname="HPDB0088" name="com.qait.samlms.test.smoke.Test0SuperCreatesAdminUser" tests="3" failures="0" timestamp="15 Apr 2014 06:16:48 GMT" time="74.163" errors="0">
  <testcase name="loginInApplication" time="6.941" classname="com.qait.samlms.test.smoke.Test0SuperCreatesAdminUser"/>
  <testcase name="verifyAdminUser" time="1.084" classname="com.qait.samlms.test.smoke.Test0SuperCreatesAdminUser"/>
  <testcase name="createAndEnrollUser" time="66.138" classname="com.qait.samlms.test.smoke.Test0SuperCreatesAdminUser"/>
</testsuite> <!-- com.qait.samlms.test.smoke.Test0SuperCreatesAdminUser -->
